<?xml version="1.0" encoding="UTF-8"?>
<!-- Generated by org.testng.reporters.JUnitReportReporter -->
<testsuite hostname="Deepak-Kumar-LP" failures="0" tests="4" name="Test.AdvertiseWithUs" time="181.463" errors="0" timestamp="2025-05-01T17:13:39 IST" skipped="0">
  <testcase classname="Test.AdvertiseWithUs" name="testSellResidentialAdFlow" time="56.243"/>
  <testcase classname="Test.AdvertiseWithUs" name="testSellCommercialAdFlow" time="44.387"/>
  <testcase classname="Test.AdvertiseWithUs" name="testRentResidentialAdFlow" time="43.455"/>
  <testcase classname="Test.AdvertiseWithUs" name="testRentCommercialAdFlow" time="37.378"/>
</testsuite> <!-- Test.AdvertiseWithUs -->
