<?xml version="1.0" encoding="UTF-8"?>
<!-- Generated by org.testng.reporters.JUnitReportReporter -->
<testsuite hostname="Deepak-Kumar-LP" failures="0" tests="4" name="Test.AdvertiseWithUs" time="149.977" errors="0" timestamp="2025-06-06T16:27:26 IST" skipped="0">
  <testcase classname="Test.AdvertiseWithUs" name="testSellResidentialAdFlow" time="41.034"/>
  <testcase classname="Test.AdvertiseWithUs" name="testSellCommercialAdFlow" time="37.624"/>
  <testcase classname="Test.AdvertiseWithUs" name="testRentResidentialAdFlow" time="35.482"/>
  <testcase classname="Test.AdvertiseWithUs" name="testRentCommercialAdFlow" time="35.837"/>
</testsuite> <!-- Test.AdvertiseWithUs -->
