<?xml version="1.0" encoding="UTF-8"?>
<!-- Generated by org.testng.reporters.JUnitReportReporter -->
<testsuite hostname="Deepak-Kumar-LP" failures="0" tests="1" name="AdvertiseWithUs.AdvertiseWithUs" time="43.261" errors="0" timestamp="2025-03-24T12:07:44 IST" skipped="0">
  <testcase classname="AdvertiseWithUs.AdvertiseWithUs" name="testAdFlow" time="43.261"/>
</testsuite> <!-- AdvertiseWithUs.AdvertiseWithUs -->
